[2023-12-08 16:20:48,646] multiqc                                            [DEBUG  ]  This is MultiQC v1.17
[2023-12-08 16:20:48,646] multiqc                                            [DEBUG  ]  Command used: /home/menyawino/miniconda3/envs/dada2-v1.14/bin/multiqc fastqc
[2023-12-08 16:20:49,835] multiqc                                            [DEBUG  ]  Could not connect to multiqc.info for version check: module 'packaging.version' has no attribute 'StrictVersion'
[2023-12-08 16:20:49,835] multiqc                                            [DEBUG  ]  Working dir : /home/menyawino/btt/Project/Datasets
[2023-12-08 16:20:49,835] multiqc                                            [DEBUG  ]  Template    : default
[2023-12-08 16:20:49,835] multiqc                                            [DEBUG  ]  Running Python 3.12.0 | packaged by conda-forge | (main, Oct  3 2023, 08:43:22) [GCC 12.3.0]
[2023-12-08 16:20:49,835] multiqc                                            [DEBUG  ]  Analysing modules: custom_content, ccs, ngsderive, purple, conpair, lima, peddy, somalier, methylQA, mosdepth, phantompeakqualtools, qualimap, preseq, hifiasm, quast, qorts, rna_seqc, rockhopper, rsem, rseqc, busco, bustools, goleft_indexcov, gffcompare, disambiguate, supernova, deeptools, sargasso, verifybamid, mirtrace, happy, mirtop, sambamba, gopeaks, homer, hops, macs2, theta2, snpeff, gatk, htseq, bcftools, featureCounts, fgbio, dragen, dragen_fastqc, dedup, pbmarkdup, damageprofiler, mapdamage, biobambam2, jcvi, mtnucratio, picard, vep, sentieon, bakta, prokka, qc3C, nanostat, samblaster, samtools, sexdeterrmine, eigenstratdatabasetools, bamtools, jellyfish, vcftools, longranger, stacks, varscan2, snippy, umitools, truvari, bbmap, bismark, biscuit, diamond, hicexplorer, hicup, hicpro, salmon, kallisto, slamdunk, star, hisat2, tophat, bowtie2, bowtie1, cellranger, snpsplit, odgi, pangolin, nextclade, freyja, humid, kat, leehom, librarian, adapterRemoval, bbduk, clipandmerge, cutadapt, flexbar, sourmash, kaiju, bracken, kraken, malt, motus, trimmomatic, sickle, skewer, sortmerna, biobloomtools, fastq_screen, afterqc, fastp, fastqc, filtlong, prinseqplusplus, pychopper, porechop, pycoqc, minionqc, anglerfish, multivcfanalyzer, clusterflow, checkqc, bcl2fastq, bclconvert, interop, ivar, flash, seqyclean, optitype, whatshap
[2023-12-08 16:20:49,836] multiqc                                            [DEBUG  ]  Using temporary directory for creating report: /tmp/tmp50y0_b04
[2023-12-08 16:20:49,838] multiqc                                            [INFO   ]  Search path : /home/menyawino/btt/Project/Datasets/fastqc
[2023-12-08 16:20:49,927] multiqc                                            [DEBUG  ]  Summary of files that were skipped by the search: [skipped_module_specific_max_filesize: 60] // [skipped_no_match: 5]
[2023-12-08 16:20:50,340] multiqc.plots.bargraph                             [DEBUG  ]  Using matplotlib version 3.8.2
[2023-12-08 16:20:50,342] multiqc.plots.linegraph                            [DEBUG  ]  Using matplotlib version 3.8.2
[2023-12-08 16:20:50,343] multiqc                                            [DEBUG  ]  No samples found: custom_content
[2023-12-08 16:20:50,356] multiqc.modules.fastqc.fastqc                      [INFO   ]  Found 5 reports
[2023-12-08 16:20:50,431] multiqc.utils.software_versions                    [DEBUG  ]  Reading software versions from config.software_versions
[2023-12-08 16:20:50,437] multiqc                                            [DEBUG  ]  Compressing plot data
[2023-12-08 16:20:50,474] multiqc                                            [INFO   ]  Report      : multiqc_report.html
[2023-12-08 16:20:50,474] multiqc                                            [INFO   ]  Data        : multiqc_data
[2023-12-08 16:20:50,474] multiqc                                            [DEBUG  ]  Moving data file from '/tmp/tmp50y0_b04/multiqc_data' to '/home/menyawino/btt/Project/Datasets/multiqc_data'
[2023-12-08 16:20:50,476] multiqc                                            [DEBUG  ]  Full report path: /home/menyawino/btt/Project/Datasets/multiqc_report.html
[2023-12-08 16:20:50,570] multiqc                                            [INFO   ]  MultiQC complete
